2019-08-29 14:07:55 0 [Note] InnoDB: Mutexes and rw_locks use Windows interlocked functions
2019-08-29 14:07:55 0 [Note] InnoDB: Uses event mutexes
2019-08-29 14:07:55 0 [Note] InnoDB: Compressed tables use zlib 1.2.11
2019-08-29 14:07:55 0 [Note] InnoDB: Number of pools: 1
2019-08-29 14:07:55 0 [Note] InnoDB: Using SSE2 crc32 instructions
2019-08-29 14:07:55 0 [Note] InnoDB: Initializing buffer pool, total size = 32M, instances = 1, chunk size = 32M
2019-08-29 14:07:55 0 [Note] InnoDB: Completed initialization of buffer pool
2019-08-29 14:07:55 0 [Note] InnoDB: 128 out of 128 rollback segments are active.
2019-08-29 14:07:55 0 [Note] InnoDB: Creating shared tablespace for temporary tables
2019-08-29 14:07:55 0 [Note] InnoDB: Setting file '.\ibtmp1' size to 12 MB. Physically writing the file full; Please wait ...
2019-08-29 14:07:55 0 [Note] InnoDB: File '.\ibtmp1' size is now 12 MB.
2019-08-29 14:07:55 0 [Note] InnoDB: Waiting for purge to start
2019-08-29 14:07:55 0 [Note] InnoDB: 10.3.17 started; log sequence number 1799995; transaction id 201
2019-08-29 14:07:55 0 [Note] InnoDB: Loading buffer pool(s) from C:\Users\Siavash\Desktop\Applikationer-för-Internet\Seminar3\UniServerZ\core\mysql\data\ib_buffer_pool
2019-08-29 14:07:55 0 [Note] InnoDB: Cannot open 'C:\Users\Siavash\Desktop\Applikationer-för-Internet\Seminar3\UniServerZ\core\mysql\data\ib_buffer_pool' for reading: No such file or directory
2019-08-29 14:07:55 0 [Note] Plugin 'FEEDBACK' is disabled.
2019-08-29 14:07:55 0 [Note] Server socket created on IP: '127.0.0.1'.
2019-08-29 14:07:55 0 [Note] Reading of all Master_info entries succeeded
2019-08-29 14:07:55 0 [Note] Added new Master_info '' to hash table
2019-08-29 14:07:55 0 [Note] C:\Users\Siavash\Desktop\Applikationer-för-Internet\Seminar3\UniServerZ\core\mysql\bin\mysqld_z.exe: ready for connections.
Version: '10.3.17-MariaDB'  socket: ''  port: 3306  mariadb.org binary distribution
2019-08-29 14:10:51 0 [Note] InnoDB: Mutexes and rw_locks use Windows interlocked functions
2019-08-29 14:10:51 0 [Note] InnoDB: Uses event mutexes
2019-08-29 14:10:51 0 [Note] InnoDB: Compressed tables use zlib 1.2.11
2019-08-29 14:10:51 0 [Note] InnoDB: Number of pools: 1
2019-08-29 14:10:51 0 [Note] InnoDB: Using SSE2 crc32 instructions
2019-08-29 14:10:51 0 [Note] InnoDB: Initializing buffer pool, total size = 32M, instances = 1, chunk size = 32M
2019-08-29 14:10:51 0 [Note] InnoDB: Completed initialization of buffer pool
2019-08-29 14:10:51 0 [Note] InnoDB: 128 out of 128 rollback segments are active.
2019-08-29 14:10:51 0 [Note] InnoDB: Removed temporary tablespace data file: "ibtmp1"
2019-08-29 14:10:51 0 [Note] InnoDB: Creating shared tablespace for temporary tables
2019-08-29 14:10:51 0 [Note] InnoDB: Setting file 'C:\Users\Siavash\Desktop\Applikationer-för-Internet\Seminar3\UniServerZ\core\mysql\data\ibtmp1' size to 12 MB. Physically writing the file full; Please wait ...
2019-08-29 14:10:51 0 [Note] InnoDB: File 'C:\Users\Siavash\Desktop\Applikationer-för-Internet\Seminar3\UniServerZ\core\mysql\data\ibtmp1' size is now 12 MB.
2019-08-29 14:10:51 0 [Note] InnoDB: 10.3.17 started; log sequence number 1799995; transaction id 201
2019-08-29 14:10:51 0 [Note] InnoDB: Loading buffer pool(s) from C:\Users\Siavash\Desktop\Applikationer-för-Internet\Seminar3\UniServerZ\core\mysql\data\ib_buffer_pool
2019-08-29 14:10:51 0 [Note] InnoDB: Cannot open 'C:\Users\Siavash\Desktop\Applikationer-för-Internet\Seminar3\UniServerZ\core\mysql\data\ib_buffer_pool' for reading: No such file or directory
2019-08-29 14:10:51 0 [Note] Plugin 'FEEDBACK' is disabled.
2019-08-29 14:10:51 0 [Note] Server socket created on IP: '127.0.0.1'.
2019-08-29 14:10:51 0 [ERROR] mysqld_z.exe: Table '.\mysql\user' is marked as crashed and should be repaired
2019-08-29 14:10:51 0 [Warning] Checking table:   '.\mysql\user'
2019-08-29 14:10:51 0 [ERROR] mysql.user: 1 client is using or hasn't closed the table properly
2019-08-29 14:10:51 0 [Note] Reading of all Master_info entries succeeded
2019-08-29 14:10:51 0 [Note] Added new Master_info '' to hash table
2019-08-29 14:10:51 0 [Note] C:\Users\Siavash\Desktop\Applikationer-för-Internet\Seminar3\UniServerZ\core\mysql\bin\mysqld_z.exe: ready for connections.
Version: '10.3.17-MariaDB'  socket: ''  port: 3306  mariadb.org binary distribution
2019-09-08 13:03:43 0 [Note] InnoDB: Mutexes and rw_locks use Windows interlocked functions
2019-09-08 13:03:43 0 [Note] InnoDB: Uses event mutexes
2019-09-08 13:03:43 0 [Note] InnoDB: Compressed tables use zlib 1.2.11
2019-09-08 13:03:43 0 [Note] InnoDB: Number of pools: 1
2019-09-08 13:03:43 0 [Note] InnoDB: Using SSE2 crc32 instructions
2019-09-08 13:03:43 0 [Note] InnoDB: Initializing buffer pool, total size = 32M, instances = 1, chunk size = 32M
2019-09-08 13:03:43 0 [Note] InnoDB: Completed initialization of buffer pool
2019-09-08 13:03:43 0 [Note] InnoDB: Starting crash recovery from checkpoint LSN=1799995
2019-09-08 13:03:43 0 [Note] InnoDB: 128 out of 128 rollback segments are active.
2019-09-08 13:03:43 0 [Note] InnoDB: Removed temporary tablespace data file: "ibtmp1"
2019-09-08 13:03:43 0 [Note] InnoDB: Creating shared tablespace for temporary tables
2019-09-08 13:03:43 0 [Note] InnoDB: Setting file 'C:\Users\Siavash\Desktop\Applikationer-för-Internet\Seminar3\UniServerZ\core\mysql\data\ibtmp1' size to 12 MB. Physically writing the file full; Please wait ...
2019-09-08 13:03:43 0 [Note] InnoDB: File 'C:\Users\Siavash\Desktop\Applikationer-för-Internet\Seminar3\UniServerZ\core\mysql\data\ibtmp1' size is now 12 MB.
2019-09-08 13:03:43 0 [Note] InnoDB: 10.3.17 started; log sequence number 1800004; transaction id 201
2019-09-08 13:03:43 0 [Note] InnoDB: Loading buffer pool(s) from C:\Users\Siavash\Desktop\Applikationer-för-Internet\Seminar3\UniServerZ\core\mysql\data\ib_buffer_pool
2019-09-08 13:03:43 0 [Note] InnoDB: Cannot open 'C:\Users\Siavash\Desktop\Applikationer-för-Internet\Seminar3\UniServerZ\core\mysql\data\ib_buffer_pool' for reading: No such file or directory
2019-09-08 13:03:43 0 [Note] Plugin 'FEEDBACK' is disabled.
2019-09-08 13:03:43 0 [Note] Server socket created on IP: '127.0.0.1'.
2019-09-08 13:03:43 0 [Note] Reading of all Master_info entries succeeded
2019-09-08 13:03:43 0 [Note] Added new Master_info '' to hash table
2019-09-08 13:03:43 0 [Note] C:\Users\Siavash\Desktop\Applikationer-för-Internet\Seminar3\UniServerZ\core\mysql\bin\mysqld_z.exe: ready for connections.
Version: '10.3.17-MariaDB'  socket: ''  port: 3306  mariadb.org binary distribution
2019-09-08 13:03:59 8 [Warning] Aborted connection 8 to db: 'unconnected' user: 'root' host: 'localhost' (Got an error reading communication packets)
2019-09-08 16:51:08 0 [Note] C:\Users\Siavash\Desktop\Applikationer-för-Internet\Seminar3\UniServerZ\core\mysql\bin\mysqld_z.exe (initiated by: root[root] @ localhost [127.0.0.1]): Normal shutdown
2019-09-08 16:51:08 0 [Note] InnoDB: FTS optimize thread exiting.
2019-09-08 16:51:08 0 [Note] Event Scheduler: Purging the queue. 0 events
2019-09-08 16:51:09 0 [Note] InnoDB: Starting shutdown...
2019-09-08 16:51:09 0 [Note] InnoDB: Dumping buffer pool(s) to C:\Users\Siavash\Desktop\Applikationer-för-Internet\Seminar3\UniServerZ\core\mysql\data\ib_buffer_pool
2019-09-08 16:51:09 0 [Note] InnoDB: Buffer pool(s) dump completed at 190908 16:51:09
2019-09-08 16:51:10 0 [Note] InnoDB: Shutdown completed; log sequence number 1849226; transaction id 280
2019-09-08 16:51:10 0 [Note] InnoDB: Removed temporary tablespace data file: "ibtmp1"
2019-09-08 16:51:10 0 [Note] C:\Users\Siavash\Desktop\Applikationer-för-Internet\Seminar3\UniServerZ\core\mysql\bin\mysqld_z.exe: Shutdown complete

2019-09-08 16:51:11 0 [Note] InnoDB: Mutexes and rw_locks use Windows interlocked functions
2019-09-08 16:51:11 0 [Note] InnoDB: Uses event mutexes
2019-09-08 16:51:11 0 [Note] InnoDB: Compressed tables use zlib 1.2.11
2019-09-08 16:51:11 0 [Note] InnoDB: Number of pools: 1
2019-09-08 16:51:11 0 [Note] InnoDB: Using SSE2 crc32 instructions
2019-09-08 16:51:11 0 [Note] InnoDB: Initializing buffer pool, total size = 32M, instances = 1, chunk size = 32M
2019-09-08 16:51:11 0 [Note] InnoDB: Completed initialization of buffer pool
2019-09-08 16:51:11 0 [Note] InnoDB: 128 out of 128 rollback segments are active.
2019-09-08 16:51:11 0 [Note] InnoDB: Creating shared tablespace for temporary tables
2019-09-08 16:51:11 0 [Note] InnoDB: Setting file 'C:\Users\Siavash\Desktop\Applikationer-för-Internet\Seminar3\UniServerZ\core\mysql\data\ibtmp1' size to 12 MB. Physically writing the file full; Please wait ...
2019-09-08 16:51:11 0 [Note] InnoDB: File 'C:\Users\Siavash\Desktop\Applikationer-för-Internet\Seminar3\UniServerZ\core\mysql\data\ibtmp1' size is now 12 MB.
2019-09-08 16:51:11 0 [Note] InnoDB: 10.3.17 started; log sequence number 1849226; transaction id 282
2019-09-08 16:51:11 0 [Note] InnoDB: Loading buffer pool(s) from C:\Users\Siavash\Desktop\Applikationer-för-Internet\Seminar3\UniServerZ\core\mysql\data\ib_buffer_pool
2019-09-08 16:51:11 0 [Note] InnoDB: Buffer pool(s) load completed at 190908 16:51:11
2019-09-08 16:51:11 0 [Note] Plugin 'FEEDBACK' is disabled.
2019-09-08 16:51:11 0 [Note] Server socket created on IP: '127.0.0.1'.
2019-09-08 16:51:11 0 [Note] Reading of all Master_info entries succeeded
2019-09-08 16:51:11 0 [Note] Added new Master_info '' to hash table
2019-09-08 16:51:11 0 [Note] C:\Users\Siavash\Desktop\Applikationer-för-Internet\Seminar3\UniServerZ\core\mysql\bin\mysqld_z.exe: ready for connections.
Version: '10.3.17-MariaDB'  socket: ''  port: 3306  mariadb.org binary distribution
2019-09-08 16:52:59 0 [Note] C:\Users\Siavash\Desktop\Applikationer-för-Internet\Seminar3\UniServerZ\core\mysql\bin\mysqld_z.exe (initiated by: root[root] @ localhost [127.0.0.1]): Normal shutdown
2019-09-08 16:52:59 0 [Note] Event Scheduler: Purging the queue. 0 events
2019-09-08 16:52:59 0 [Note] InnoDB: FTS optimize thread exiting.
2019-09-08 16:52:59 0 [Note] InnoDB: Starting shutdown...
2019-09-08 16:52:59 0 [Note] InnoDB: Dumping buffer pool(s) to C:\Users\Siavash\Desktop\Applikationer-för-Internet\Seminar3\UniServerZ\core\mysql\data\ib_buffer_pool
2019-09-08 16:52:59 0 [Note] InnoDB: Buffer pool(s) dump completed at 190908 16:52:59
2019-09-08 16:53:00 0 [Note] InnoDB: Shutdown completed; log sequence number 1849235; transaction id 283
2019-09-08 16:53:00 0 [Note] InnoDB: Removed temporary tablespace data file: "ibtmp1"
2019-09-08 16:53:00 0 [Note] C:\Users\Siavash\Desktop\Applikationer-för-Internet\Seminar3\UniServerZ\core\mysql\bin\mysqld_z.exe: Shutdown complete

2019-09-08 16:53:10 0 [Note] InnoDB: Mutexes and rw_locks use Windows interlocked functions
2019-09-08 16:53:10 0 [Note] InnoDB: Uses event mutexes
2019-09-08 16:53:10 0 [Note] InnoDB: Compressed tables use zlib 1.2.11
2019-09-08 16:53:10 0 [Note] InnoDB: Number of pools: 1
2019-09-08 16:53:10 0 [Note] InnoDB: Using SSE2 crc32 instructions
2019-09-08 16:53:10 0 [Note] InnoDB: Initializing buffer pool, total size = 32M, instances = 1, chunk size = 32M
2019-09-08 16:53:10 0 [Note] InnoDB: Completed initialization of buffer pool
2019-09-08 16:53:10 0 [Note] InnoDB: 128 out of 128 rollback segments are active.
2019-09-08 16:53:10 0 [Note] InnoDB: Creating shared tablespace for temporary tables
2019-09-08 16:53:10 0 [Note] InnoDB: Setting file 'C:\Users\Siavash\Desktop\Applikationer-för-Internet\Seminar3\UniServerZ\core\mysql\data\ibtmp1' size to 12 MB. Physically writing the file full; Please wait ...
2019-09-08 16:53:10 0 [Note] InnoDB: File 'C:\Users\Siavash\Desktop\Applikationer-för-Internet\Seminar3\UniServerZ\core\mysql\data\ibtmp1' size is now 12 MB.
2019-09-08 16:53:10 0 [Note] InnoDB: Waiting for purge to start
2019-09-08 16:53:10 0 [Note] InnoDB: 10.3.17 started; log sequence number 1849235; transaction id 282
2019-09-08 16:53:10 0 [Note] InnoDB: Loading buffer pool(s) from C:\Users\Siavash\Desktop\Applikationer-för-Internet\Seminar3\UniServerZ\core\mysql\data\ib_buffer_pool
2019-09-08 16:53:10 0 [Note] InnoDB: Buffer pool(s) load completed at 190908 16:53:10
2019-09-08 16:53:10 0 [Note] Plugin 'FEEDBACK' is disabled.
2019-09-08 16:53:10 0 [Note] Server socket created on IP: '127.0.0.1'.
2019-09-08 16:53:10 0 [Note] Reading of all Master_info entries succeeded
2019-09-08 16:53:10 0 [Note] Added new Master_info '' to hash table
2019-09-08 16:53:10 0 [Note] C:\Users\Siavash\Desktop\Applikationer-för-Internet\Seminar3\UniServerZ\core\mysql\bin\mysqld_z.exe: ready for connections.
Version: '10.3.17-MariaDB'  socket: ''  port: 3306  mariadb.org binary distribution
2019-09-08 17:17:43 0 [Note] InnoDB: Mutexes and rw_locks use Windows interlocked functions
2019-09-08 17:17:43 0 [Note] InnoDB: Uses event mutexes
2019-09-08 17:17:43 0 [Note] InnoDB: Compressed tables use zlib 1.2.11
2019-09-08 17:17:43 0 [Note] InnoDB: Number of pools: 1
2019-09-08 17:17:43 0 [Note] InnoDB: Using SSE2 crc32 instructions
2019-09-08 17:17:43 0 [Note] InnoDB: Initializing buffer pool, total size = 32M, instances = 1, chunk size = 32M
2019-09-08 17:17:43 0 [Note] InnoDB: Completed initialization of buffer pool
2019-09-08 17:17:43 0 [Note] InnoDB: Starting crash recovery from checkpoint LSN=1849235
2019-09-08 17:17:43 0 [Note] InnoDB: 128 out of 128 rollback segments are active.
2019-09-08 17:17:43 0 [Note] InnoDB: Removed temporary tablespace data file: "ibtmp1"
2019-09-08 17:17:43 0 [Note] InnoDB: Creating shared tablespace for temporary tables
2019-09-08 17:17:43 0 [Note] InnoDB: Setting file 'C:\Users\Siavash\Desktop\Applikationer-för-Internet\Seminar3\UniServerZ\core\mysql\data\ibtmp1' size to 12 MB. Physically writing the file full; Please wait ...
2019-09-08 17:17:44 0 [Note] InnoDB: File 'C:\Users\Siavash\Desktop\Applikationer-för-Internet\Seminar3\UniServerZ\core\mysql\data\ibtmp1' size is now 12 MB.
2019-09-08 17:17:44 0 [Note] InnoDB: Waiting for purge to start
2019-09-08 17:17:44 0 [Note] InnoDB: 10.3.17 started; log sequence number 1849244; transaction id 282
2019-09-08 17:17:44 0 [Note] InnoDB: Loading buffer pool(s) from C:\Users\Siavash\Desktop\Applikationer-för-Internet\Seminar3\UniServerZ\core\mysql\data\ib_buffer_pool
2019-09-08 17:17:44 0 [Note] InnoDB: Buffer pool(s) load completed at 190908 17:17:44
2019-09-08 17:17:44 0 [Note] Plugin 'FEEDBACK' is disabled.
2019-09-08 17:17:44 0 [Note] Server socket created on IP: '127.0.0.1'.
2019-09-08 17:17:44 0 [Note] Reading of all Master_info entries succeeded
2019-09-08 17:17:44 0 [Note] Added new Master_info '' to hash table
2019-09-08 17:17:44 0 [Note] C:\Users\Siavash\Desktop\Applikationer-för-Internet\Seminar3\UniServerZ\core\mysql\bin\mysqld_z.exe: ready for connections.
Version: '10.3.17-MariaDB'  socket: ''  port: 3306  mariadb.org binary distribution
2019-09-09 13:26:09 0 [Note] C:\Users\Siavash\Desktop\Applikationer-för-Internet\Seminar3\UniServerZ\core\mysql\bin\mysqld_z.exe (initiated by: root[root] @ localhost [127.0.0.1]): Normal shutdown
2019-09-09 13:26:09 0 [Note] InnoDB: FTS optimize thread exiting.
2019-09-09 13:26:09 0 [Note] Event Scheduler: Purging the queue. 0 events
2019-09-09 13:26:09 0 [Note] InnoDB: Starting shutdown...
2019-09-09 13:26:09 0 [Note] InnoDB: Dumping buffer pool(s) to C:\Users\Siavash\Desktop\Applikationer-för-Internet\Seminar3\UniServerZ\core\mysql\data\ib_buffer_pool
2019-09-09 13:26:09 0 [Note] InnoDB: Buffer pool(s) dump completed at 190909 13:26:09
2019-09-09 13:26:10 0 [Note] InnoDB: Shutdown completed; log sequence number 1849262; transaction id 283
2019-09-09 13:26:10 0 [Note] InnoDB: Removed temporary tablespace data file: "ibtmp1"
2019-09-09 13:26:10 0 [Note] C:\Users\Siavash\Desktop\Applikationer-för-Internet\Seminar3\UniServerZ\core\mysql\bin\mysqld_z.exe: Shutdown complete

2019-09-09 13:26:11 0 [Note] InnoDB: Mutexes and rw_locks use Windows interlocked functions
2019-09-09 13:26:11 0 [Note] InnoDB: Uses event mutexes
2019-09-09 13:26:11 0 [Note] InnoDB: Compressed tables use zlib 1.2.11
2019-09-09 13:26:11 0 [Note] InnoDB: Number of pools: 1
2019-09-09 13:26:11 0 [Note] InnoDB: Using SSE2 crc32 instructions
2019-09-09 13:26:11 0 [Note] InnoDB: Initializing buffer pool, total size = 32M, instances = 1, chunk size = 32M
2019-09-09 13:26:11 0 [Note] InnoDB: Completed initialization of buffer pool
2019-09-09 13:26:12 0 [Note] InnoDB: 128 out of 128 rollback segments are active.
2019-09-09 13:26:12 0 [Note] InnoDB: Creating shared tablespace for temporary tables
2019-09-09 13:26:12 0 [Note] InnoDB: Setting file 'C:\Users\Siavash\Desktop\Applikationer-för-Internet\Seminar3\UniServerZ\core\mysql\data\ibtmp1' size to 12 MB. Physically writing the file full; Please wait ...
2019-09-09 13:26:12 0 [Note] InnoDB: File 'C:\Users\Siavash\Desktop\Applikationer-för-Internet\Seminar3\UniServerZ\core\mysql\data\ibtmp1' size is now 12 MB.
2019-09-09 13:26:12 0 [Note] InnoDB: Waiting for purge to start
2019-09-09 13:26:12 0 [Note] InnoDB: 10.3.17 started; log sequence number 1849262; transaction id 282
2019-09-09 13:26:12 0 [Note] InnoDB: Loading buffer pool(s) from C:\Users\Siavash\Desktop\Applikationer-för-Internet\Seminar3\UniServerZ\core\mysql\data\ib_buffer_pool
2019-09-09 13:26:12 0 [Note] InnoDB: Buffer pool(s) load completed at 190909 13:26:12
2019-09-09 13:26:12 0 [Note] Plugin 'FEEDBACK' is disabled.
2019-09-09 13:26:12 0 [Note] Server socket created on IP: '127.0.0.1'.
2019-09-09 13:26:12 0 [Note] Reading of all Master_info entries succeeded
2019-09-09 13:26:12 0 [Note] Added new Master_info '' to hash table
2019-09-09 13:26:12 0 [Note] C:\Users\Siavash\Desktop\Applikationer-för-Internet\Seminar3\UniServerZ\core\mysql\bin\mysqld_z.exe: ready for connections.
Version: '10.3.17-MariaDB'  socket: ''  port: 3306  mariadb.org binary distribution
2019-09-09 13:27:21 0 [Note] C:\Users\Siavash\Desktop\Applikationer-för-Internet\Seminar3\UniServerZ\core\mysql\bin\mysqld_z.exe (initiated by: root[root] @ localhost [127.0.0.1]): Normal shutdown
2019-09-09 13:27:21 0 [Note] Event Scheduler: Purging the queue. 0 events
2019-09-09 13:27:21 0 [Note] InnoDB: FTS optimize thread exiting.
2019-09-09 13:27:21 0 [Note] InnoDB: Starting shutdown...
2019-09-09 13:27:21 0 [Note] InnoDB: Dumping buffer pool(s) to C:\Users\Siavash\Desktop\Applikationer-för-Internet\Seminar3\UniServerZ\core\mysql\data\ib_buffer_pool
2019-09-09 13:27:21 0 [Note] InnoDB: Buffer pool(s) dump completed at 190909 13:27:21
2019-09-09 13:27:21 0 [Note] InnoDB: Shutdown completed; log sequence number 1849271; transaction id 283
2019-09-09 13:27:21 0 [Note] InnoDB: Removed temporary tablespace data file: "ibtmp1"
2019-09-09 13:27:21 0 [Note] C:\Users\Siavash\Desktop\Applikationer-för-Internet\Seminar3\UniServerZ\core\mysql\bin\mysqld_z.exe: Shutdown complete

2019-09-09 13:28:18 0 [Note] InnoDB: Mutexes and rw_locks use Windows interlocked functions
2019-09-09 13:28:18 0 [Note] InnoDB: Uses event mutexes
2019-09-09 13:28:18 0 [Note] InnoDB: Compressed tables use zlib 1.2.11
2019-09-09 13:28:18 0 [Note] InnoDB: Number of pools: 1
2019-09-09 13:28:18 0 [Note] InnoDB: Using SSE2 crc32 instructions
2019-09-09 13:28:18 0 [Note] InnoDB: Initializing buffer pool, total size = 32M, instances = 1, chunk size = 32M
2019-09-09 13:28:18 0 [Note] InnoDB: Completed initialization of buffer pool
2019-09-09 13:28:18 0 [Note] InnoDB: 128 out of 128 rollback segments are active.
2019-09-09 13:28:18 0 [Note] InnoDB: Creating shared tablespace for temporary tables
2019-09-09 13:28:18 0 [Note] InnoDB: Setting file 'C:\Users\Siavash\Desktop\Applikationer-för-Internet\Seminar3\UniServerZ\core\mysql\data\ibtmp1' size to 12 MB. Physically writing the file full; Please wait ...
2019-09-09 13:28:18 0 [Note] InnoDB: File 'C:\Users\Siavash\Desktop\Applikationer-för-Internet\Seminar3\UniServerZ\core\mysql\data\ibtmp1' size is now 12 MB.
2019-09-09 13:28:18 0 [Note] InnoDB: Waiting for purge to start
2019-09-09 13:28:18 0 [Note] InnoDB: 10.3.17 started; log sequence number 1849271; transaction id 282
2019-09-09 13:28:18 0 [Note] InnoDB: Loading buffer pool(s) from C:\Users\Siavash\Desktop\Applikationer-för-Internet\Seminar3\UniServerZ\core\mysql\data\ib_buffer_pool
2019-09-09 13:28:18 0 [Note] InnoDB: Buffer pool(s) load completed at 190909 13:28:18
2019-09-09 13:28:18 0 [Note] Plugin 'FEEDBACK' is disabled.
2019-09-09 13:28:18 0 [Note] Server socket created on IP: '127.0.0.1'.
2019-09-09 13:28:18 0 [Note] Reading of all Master_info entries succeeded
2019-09-09 13:28:18 0 [Note] Added new Master_info '' to hash table
2019-09-09 13:28:18 0 [Note] C:\Users\Siavash\Desktop\Applikationer-för-Internet\Seminar3\UniServerZ\core\mysql\bin\mysqld_z.exe: ready for connections.
Version: '10.3.17-MariaDB'  socket: ''  port: 3306  mariadb.org binary distribution
2019-09-09 13:28:32 0 [Note] C:\Users\Siavash\Desktop\Applikationer-för-Internet\Seminar3\UniServerZ\core\mysql\bin\mysqld_z.exe (initiated by: root[root] @ localhost [127.0.0.1]): Normal shutdown
2019-09-09 13:28:32 0 [Note] Event Scheduler: Purging the queue. 0 events
2019-09-09 13:28:32 0 [Note] InnoDB: FTS optimize thread exiting.
2019-09-09 13:28:32 0 [Note] InnoDB: Starting shutdown...
2019-09-09 13:28:32 0 [Note] InnoDB: Dumping buffer pool(s) to C:\Users\Siavash\Desktop\Applikationer-för-Internet\Seminar3\UniServerZ\core\mysql\data\ib_buffer_pool
2019-09-09 13:28:32 0 [Note] InnoDB: Buffer pool(s) dump completed at 190909 13:28:32
2019-09-09 13:28:34 0 [Note] InnoDB: Shutdown completed; log sequence number 1849280; transaction id 283
2019-09-09 13:28:34 0 [Note] InnoDB: Removed temporary tablespace data file: "ibtmp1"
2019-09-09 13:28:34 0 [Note] C:\Users\Siavash\Desktop\Applikationer-för-Internet\Seminar3\UniServerZ\core\mysql\bin\mysqld_z.exe: Shutdown complete

2019-09-09 13:31:19 0 [Note] InnoDB: Mutexes and rw_locks use Windows interlocked functions
2019-09-09 13:31:19 0 [Note] InnoDB: Uses event mutexes
2019-09-09 13:31:19 0 [Note] InnoDB: Compressed tables use zlib 1.2.11
2019-09-09 13:31:19 0 [Note] InnoDB: Number of pools: 1
2019-09-09 13:31:19 0 [Note] InnoDB: Using SSE2 crc32 instructions
2019-09-09 13:31:19 0 [Note] InnoDB: Initializing buffer pool, total size = 32M, instances = 1, chunk size = 32M
2019-09-09 13:31:19 0 [Note] InnoDB: Completed initialization of buffer pool
2019-09-09 13:31:19 0 [Note] InnoDB: 128 out of 128 rollback segments are active.
2019-09-09 13:31:19 0 [Note] InnoDB: Creating shared tablespace for temporary tables
2019-09-09 13:31:19 0 [Note] InnoDB: Setting file 'C:\Users\Siavash\Desktop\AFI\Seminar3\UniServerZ\core\mysql\data\ibtmp1' size to 12 MB. Physically writing the file full; Please wait ...
2019-09-09 13:31:19 0 [Note] InnoDB: File 'C:\Users\Siavash\Desktop\AFI\Seminar3\UniServerZ\core\mysql\data\ibtmp1' size is now 12 MB.
2019-09-09 13:31:19 0 [Note] InnoDB: Waiting for purge to start
2019-09-09 13:31:19 0 [Note] InnoDB: 10.3.17 started; log sequence number 1849280; transaction id 282
2019-09-09 13:31:19 0 [Note] InnoDB: Loading buffer pool(s) from C:\Users\Siavash\Desktop\AFI\Seminar3\UniServerZ\core\mysql\data\ib_buffer_pool
2019-09-09 13:31:19 0 [Note] InnoDB: Buffer pool(s) load completed at 190909 13:31:19
2019-09-09 13:31:19 0 [Note] Plugin 'FEEDBACK' is disabled.
2019-09-09 13:31:19 0 [Note] Server socket created on IP: '127.0.0.1'.
2019-09-09 13:31:19 0 [Note] Reading of all Master_info entries succeeded
2019-09-09 13:31:19 0 [Note] Added new Master_info '' to hash table
2019-09-09 13:31:19 0 [Note] C:\Users\Siavash\Desktop\AFI\Seminar3\UniServerZ\core\mysql\bin\mysqld_z.exe: ready for connections.
Version: '10.3.17-MariaDB'  socket: ''  port: 3306  mariadb.org binary distribution
2019-09-09 13:32:01 30 [Warning] Access denied for user ''@'localhost' (using password: NO)
2019-09-09 14:09:37 0 [Note] C:\Users\Siavash\Desktop\AFI\Seminar3\UniServerZ\core\mysql\bin\mysqld_z.exe (initiated by: root[root] @ localhost [127.0.0.1]): Normal shutdown
2019-09-09 14:09:37 0 [Note] InnoDB: FTS optimize thread exiting.
2019-09-09 14:09:37 0 [Note] Event Scheduler: Purging the queue. 0 events
2019-09-09 14:09:37 0 [Note] InnoDB: Starting shutdown...
2019-09-09 14:09:37 0 [Note] InnoDB: Dumping buffer pool(s) to C:\Users\Siavash\Desktop\AFI\Seminar3\UniServerZ\core\mysql\data\ib_buffer_pool
2019-09-09 14:09:37 0 [Note] InnoDB: Buffer pool(s) dump completed at 190909 14:09:37
2019-09-09 14:09:38 0 [Note] InnoDB: Shutdown completed; log sequence number 1851881; transaction id 305
2019-09-09 14:09:38 0 [Note] InnoDB: Removed temporary tablespace data file: "ibtmp1"
2019-09-09 14:09:38 0 [Note] C:\Users\Siavash\Desktop\AFI\Seminar3\UniServerZ\core\mysql\bin\mysqld_z.exe: Shutdown complete

2019-09-09 14:10:28 0 [Note] InnoDB: Mutexes and rw_locks use Windows interlocked functions
2019-09-09 14:10:28 0 [Note] InnoDB: Uses event mutexes
2019-09-09 14:10:28 0 [Note] InnoDB: Compressed tables use zlib 1.2.11
2019-09-09 14:10:28 0 [Note] InnoDB: Number of pools: 1
2019-09-09 14:10:28 0 [Note] InnoDB: Using SSE2 crc32 instructions
2019-09-09 14:10:28 0 [Note] InnoDB: Initializing buffer pool, total size = 32M, instances = 1, chunk size = 32M
2019-09-09 14:10:28 0 [Note] InnoDB: Completed initialization of buffer pool
2019-09-09 14:10:28 0 [Note] InnoDB: 128 out of 128 rollback segments are active.
2019-09-09 14:10:28 0 [Note] InnoDB: Creating shared tablespace for temporary tables
2019-09-09 14:10:28 0 [Note] InnoDB: Setting file 'C:\Users\Siavash\Desktop\AFI\Seminar3\UniServerZ\core\mysql\data\ibtmp1' size to 12 MB. Physically writing the file full; Please wait ...
2019-09-09 14:10:28 0 [Note] InnoDB: File 'C:\Users\Siavash\Desktop\AFI\Seminar3\UniServerZ\core\mysql\data\ibtmp1' size is now 12 MB.
2019-09-09 14:10:28 0 [Note] InnoDB: Waiting for purge to start
2019-09-09 14:10:28 0 [Note] InnoDB: 10.3.17 started; log sequence number 1851881; transaction id 307
2019-09-09 14:10:28 0 [Note] InnoDB: Loading buffer pool(s) from C:\Users\Siavash\Desktop\AFI\Seminar3\UniServerZ\core\mysql\data\ib_buffer_pool
2019-09-09 14:10:28 0 [Note] InnoDB: Buffer pool(s) load completed at 190909 14:10:28
2019-09-09 14:10:28 0 [Note] Plugin 'FEEDBACK' is disabled.
2019-09-09 14:10:28 0 [Note] Server socket created on IP: '127.0.0.1'.
2019-09-09 14:10:28 0 [Note] Reading of all Master_info entries succeeded
2019-09-09 14:10:28 0 [Note] Added new Master_info '' to hash table
2019-09-09 14:10:28 0 [Note] C:\Users\Siavash\Desktop\AFI\Seminar3\UniServerZ\core\mysql\bin\mysqld_z.exe: ready for connections.
Version: '10.3.17-MariaDB'  socket: ''  port: 3306  mariadb.org binary distribution
2019-09-09 14:13:24 0 [Note] C:\Users\Siavash\Desktop\AFI\Seminar3\UniServerZ\core\mysql\bin\mysqld_z.exe (initiated by: root[root] @ localhost [127.0.0.1]): Normal shutdown
2019-09-09 14:13:24 0 [Note] InnoDB: FTS optimize thread exiting.
2019-09-09 14:13:24 0 [Note] Event Scheduler: Purging the queue. 0 events
2019-09-09 14:13:24 0 [Note] InnoDB: Starting shutdown...
2019-09-09 14:13:24 0 [Note] InnoDB: Dumping buffer pool(s) to C:\Users\Siavash\Desktop\AFI\Seminar3\UniServerZ\core\mysql\data\ib_buffer_pool
2019-09-09 14:13:24 0 [Note] InnoDB: Buffer pool(s) dump completed at 190909 14:13:24
2019-09-09 14:13:25 0 [Note] InnoDB: Shutdown completed; log sequence number 1851890; transaction id 308
2019-09-09 14:13:25 0 [Note] InnoDB: Removed temporary tablespace data file: "ibtmp1"
2019-09-09 14:13:25 0 [Note] C:\Users\Siavash\Desktop\AFI\Seminar3\UniServerZ\core\mysql\bin\mysqld_z.exe: Shutdown complete

2019-09-09 14:13:32 0 [Note] InnoDB: Mutexes and rw_locks use Windows interlocked functions
2019-09-09 14:13:32 0 [Note] InnoDB: Uses event mutexes
2019-09-09 14:13:32 0 [Note] InnoDB: Compressed tables use zlib 1.2.11
2019-09-09 14:13:32 0 [Note] InnoDB: Number of pools: 1
2019-09-09 14:13:32 0 [Note] InnoDB: Using SSE2 crc32 instructions
2019-09-09 14:13:32 0 [Note] InnoDB: Initializing buffer pool, total size = 32M, instances = 1, chunk size = 32M
2019-09-09 14:13:32 0 [Note] InnoDB: Completed initialization of buffer pool
2019-09-09 14:13:32 0 [Note] InnoDB: 128 out of 128 rollback segments are active.
2019-09-09 14:13:32 0 [Note] InnoDB: Creating shared tablespace for temporary tables
2019-09-09 14:13:32 0 [Note] InnoDB: Setting file 'C:\Users\Siavash\Desktop\AFI\Seminar3\UniServerZ\core\mysql\data\ibtmp1' size to 12 MB. Physically writing the file full; Please wait ...
2019-09-09 14:13:32 0 [Note] InnoDB: File 'C:\Users\Siavash\Desktop\AFI\Seminar3\UniServerZ\core\mysql\data\ibtmp1' size is now 12 MB.
2019-09-09 14:13:32 0 [Note] InnoDB: 10.3.17 started; log sequence number 1851890; transaction id 307
2019-09-09 14:13:32 0 [Note] InnoDB: Loading buffer pool(s) from C:\Users\Siavash\Desktop\AFI\Seminar3\UniServerZ\core\mysql\data\ib_buffer_pool
2019-09-09 14:13:32 0 [Note] InnoDB: Buffer pool(s) load completed at 190909 14:13:32
2019-09-09 14:13:32 0 [Note] Plugin 'FEEDBACK' is disabled.
2019-09-09 14:13:32 0 [Note] Server socket created on IP: '127.0.0.1'.
2019-09-09 14:13:32 0 [Note] Reading of all Master_info entries succeeded
2019-09-09 14:13:32 0 [Note] Added new Master_info '' to hash table
2019-09-09 14:13:32 0 [Note] C:\Users\Siavash\Desktop\AFI\Seminar3\UniServerZ\core\mysql\bin\mysqld_z.exe: ready for connections.
Version: '10.3.17-MariaDB'  socket: ''  port: 3306  mariadb.org binary distribution
2019-09-09 23:52:24 0 [Note] C:\Users\Siavash\Desktop\AFI\Seminar3\UniServerZ\core\mysql\bin\mysqld_z.exe (initiated by: root[root] @ localhost [127.0.0.1]): Normal shutdown
2019-09-09 23:52:24 0 [Note] InnoDB: FTS optimize thread exiting.
2019-09-09 23:52:24 0 [Note] Event Scheduler: Purging the queue. 0 events
2019-09-09 23:52:24 0 [Note] InnoDB: Starting shutdown...
2019-09-09 23:52:24 0 [Note] InnoDB: Dumping buffer pool(s) to C:\Users\Siavash\Desktop\AFI\Seminar3\UniServerZ\core\mysql\data\ib_buffer_pool
2019-09-09 23:52:24 0 [Note] InnoDB: Buffer pool(s) dump completed at 190909 23:52:24
2019-09-09 23:52:25 0 [Note] InnoDB: Shutdown completed; log sequence number 1890485; transaction id 396
2019-09-09 23:52:25 0 [Note] InnoDB: Removed temporary tablespace data file: "ibtmp1"
2019-09-09 23:52:25 0 [Note] C:\Users\Siavash\Desktop\AFI\Seminar3\UniServerZ\core\mysql\bin\mysqld_z.exe: Shutdown complete

2019-09-10 12:37:59 0 [Note] InnoDB: Mutexes and rw_locks use Windows interlocked functions
2019-09-10 12:37:59 0 [Note] InnoDB: Uses event mutexes
2019-09-10 12:37:59 0 [Note] InnoDB: Compressed tables use zlib 1.2.11
2019-09-10 12:37:59 0 [Note] InnoDB: Number of pools: 1
2019-09-10 12:37:59 0 [Note] InnoDB: Using SSE2 crc32 instructions
2019-09-10 12:37:59 0 [Note] InnoDB: Initializing buffer pool, total size = 32M, instances = 1, chunk size = 32M
2019-09-10 12:37:59 0 [Note] InnoDB: Completed initialization of buffer pool
2019-09-10 12:38:00 0 [Note] InnoDB: 128 out of 128 rollback segments are active.
2019-09-10 12:38:00 0 [Note] InnoDB: Creating shared tablespace for temporary tables
2019-09-10 12:38:00 0 [Note] InnoDB: Setting file 'C:\Users\Siavash\Desktop\AFI\Seminar3\UniServerZ\core\mysql\data\ibtmp1' size to 12 MB. Physically writing the file full; Please wait ...
2019-09-10 12:38:00 0 [Note] InnoDB: File 'C:\Users\Siavash\Desktop\AFI\Seminar3\UniServerZ\core\mysql\data\ibtmp1' size is now 12 MB.
2019-09-10 12:38:00 0 [Note] InnoDB: 10.3.17 started; log sequence number 1890485; transaction id 398
2019-09-10 12:38:00 0 [Note] InnoDB: Loading buffer pool(s) from C:\Users\Siavash\Desktop\AFI\Seminar3\UniServerZ\core\mysql\data\ib_buffer_pool
2019-09-10 12:38:00 0 [Note] InnoDB: Buffer pool(s) load completed at 190910 12:38:00
2019-09-10 12:38:00 0 [Note] Plugin 'FEEDBACK' is disabled.
2019-09-10 12:38:00 0 [Note] Server socket created on IP: '127.0.0.1'.
2019-09-10 12:38:00 0 [Note] Reading of all Master_info entries succeeded
2019-09-10 12:38:00 0 [Note] Added new Master_info '' to hash table
2019-09-10 12:38:00 0 [Note] C:\Users\Siavash\Desktop\AFI\Seminar3\UniServerZ\core\mysql\bin\mysqld_z.exe: ready for connections.
Version: '10.3.17-MariaDB'  socket: ''  port: 3306  mariadb.org binary distribution
2019-09-15 14:15:49 0 [Note] InnoDB: Mutexes and rw_locks use Windows interlocked functions
2019-09-15 14:15:49 0 [Note] InnoDB: Uses event mutexes
2019-09-15 14:15:49 0 [Note] InnoDB: Compressed tables use zlib 1.2.11
2019-09-15 14:15:49 0 [Note] InnoDB: Number of pools: 1
2019-09-15 14:15:49 0 [Note] InnoDB: Using SSE2 crc32 instructions
2019-09-15 14:15:49 0 [Note] InnoDB: Initializing buffer pool, total size = 32M, instances = 1, chunk size = 32M
2019-09-15 14:15:49 0 [Note] InnoDB: Completed initialization of buffer pool
2019-09-15 14:15:49 0 [Note] InnoDB: Starting crash recovery from checkpoint LSN=1892683
2019-09-15 14:15:50 0 [Note] InnoDB: 128 out of 128 rollback segments are active.
2019-09-15 14:15:50 0 [Note] InnoDB: Removed temporary tablespace data file: "ibtmp1"
2019-09-15 14:15:50 0 [Note] InnoDB: Creating shared tablespace for temporary tables
2019-09-15 14:15:50 0 [Note] InnoDB: Setting file 'C:\Users\Siavash\Desktop\AFI\Seminar3\UniServerZ\core\mysql\data\ibtmp1' size to 12 MB. Physically writing the file full; Please wait ...
2019-09-15 14:15:50 0 [Note] InnoDB: File 'C:\Users\Siavash\Desktop\AFI\Seminar3\UniServerZ\core\mysql\data\ibtmp1' size is now 12 MB.
2019-09-15 14:15:50 0 [Note] InnoDB: Waiting for purge to start
2019-09-15 14:15:50 0 [Note] InnoDB: 10.3.17 started; log sequence number 1892692; transaction id 423
2019-09-15 14:15:50 0 [Note] InnoDB: Loading buffer pool(s) from C:\Users\Siavash\Desktop\AFI\Seminar3\UniServerZ\core\mysql\data\ib_buffer_pool
2019-09-15 14:15:50 0 [Note] InnoDB: Buffer pool(s) load completed at 190915 14:15:50
2019-09-15 14:15:50 0 [Note] Plugin 'FEEDBACK' is disabled.
2019-09-15 14:15:50 0 [Note] Server socket created on IP: '127.0.0.1'.
2019-09-15 14:15:50 0 [Note] Reading of all Master_info entries succeeded
2019-09-15 14:15:50 0 [Note] Added new Master_info '' to hash table
2019-09-15 14:15:50 0 [Note] C:\Users\Siavash\Desktop\AFI\Seminar3\UniServerZ\core\mysql\bin\mysqld_z.exe: ready for connections.
Version: '10.3.17-MariaDB'  socket: ''  port: 3306  mariadb.org binary distribution
2019-09-20 13:07:05 0 [Note] InnoDB: Mutexes and rw_locks use Windows interlocked functions
2019-09-20 13:07:05 0 [Note] InnoDB: Uses event mutexes
2019-09-20 13:07:05 0 [Note] InnoDB: Compressed tables use zlib 1.2.11
2019-09-20 13:07:05 0 [Note] InnoDB: Number of pools: 1
2019-09-20 13:07:05 0 [Note] InnoDB: Using SSE2 crc32 instructions
2019-09-20 13:07:05 0 [Note] InnoDB: Initializing buffer pool, total size = 32M, instances = 1, chunk size = 32M
2019-09-20 13:07:05 0 [Note] InnoDB: Completed initialization of buffer pool
2019-09-20 13:07:05 0 [Note] InnoDB: Starting crash recovery from checkpoint LSN=1928613
2019-09-20 13:07:05 0 [Note] InnoDB: 128 out of 128 rollback segments are active.
2019-09-20 13:07:05 0 [Note] InnoDB: Removed temporary tablespace data file: "ibtmp1"
2019-09-20 13:07:05 0 [Note] InnoDB: Creating shared tablespace for temporary tables
2019-09-20 13:07:05 0 [Note] InnoDB: Setting file 'C:\Users\Siavash\Desktop\AFI\Seminar3\UniServerZ\core\mysql\data\ibtmp1' size to 12 MB. Physically writing the file full; Please wait ...
2019-09-20 13:07:05 0 [Note] InnoDB: File 'C:\Users\Siavash\Desktop\AFI\Seminar3\UniServerZ\core\mysql\data\ibtmp1' size is now 12 MB.
2019-09-20 13:07:05 0 [Note] InnoDB: Waiting for purge to start
2019-09-20 13:07:05 0 [Note] InnoDB: 10.3.17 started; log sequence number 1928622; transaction id 542
2019-09-20 13:07:05 0 [Note] InnoDB: Loading buffer pool(s) from C:\Users\Siavash\Desktop\AFI\Seminar3\UniServerZ\core\mysql\data\ib_buffer_pool
2019-09-20 13:07:05 0 [Note] InnoDB: Buffer pool(s) load completed at 190920 13:07:05
2019-09-20 13:07:05 0 [Note] Plugin 'FEEDBACK' is disabled.
2019-09-20 13:07:05 0 [Note] Server socket created on IP: '127.0.0.1'.
2019-09-20 13:07:05 0 [Note] Reading of all Master_info entries succeeded
2019-09-20 13:07:05 0 [Note] Added new Master_info '' to hash table
2019-09-20 13:07:05 0 [Note] C:\Users\Siavash\Desktop\AFI\Seminar3\UniServerZ\core\mysql\bin\mysqld_z.exe: ready for connections.
Version: '10.3.17-MariaDB'  socket: ''  port: 3306  mariadb.org binary distribution
2019-09-20 13:20:03 0 [Note] C:\Users\Siavash\Desktop\AFI\Seminar3\UniServerZ\core\mysql\bin\mysqld_z.exe (initiated by: root[root] @ localhost [127.0.0.1]): Normal shutdown
2019-09-20 13:20:03 0 [Note] Event Scheduler: Purging the queue. 0 events
2019-09-20 13:20:03 0 [Note] InnoDB: FTS optimize thread exiting.
2019-09-20 13:20:03 0 [Note] InnoDB: Starting shutdown...
2019-09-20 13:20:03 0 [Note] InnoDB: Dumping buffer pool(s) to C:\Users\Siavash\Desktop\AFI\Seminar3\UniServerZ\core\mysql\data\ib_buffer_pool
2019-09-20 13:20:03 0 [Note] InnoDB: Buffer pool(s) dump completed at 190920 13:20:03
2019-09-20 13:20:04 0 [Note] InnoDB: Shutdown completed; log sequence number 1930817; transaction id 565
2019-09-20 13:20:04 0 [Note] InnoDB: Removed temporary tablespace data file: "ibtmp1"
2019-09-20 13:20:04 0 [Note] C:\Users\Siavash\Desktop\AFI\Seminar3\UniServerZ\core\mysql\bin\mysqld_z.exe: Shutdown complete

2019-09-20 13:20:09 0 [Note] InnoDB: Mutexes and rw_locks use Windows interlocked functions
2019-09-20 13:20:09 0 [Note] InnoDB: Uses event mutexes
2019-09-20 13:20:09 0 [Note] InnoDB: Compressed tables use zlib 1.2.11
2019-09-20 13:20:09 0 [Note] InnoDB: Number of pools: 1
2019-09-20 13:20:09 0 [Note] InnoDB: Using SSE2 crc32 instructions
2019-09-20 13:20:09 0 [Note] InnoDB: Initializing buffer pool, total size = 32M, instances = 1, chunk size = 32M
2019-09-20 13:20:09 0 [Note] InnoDB: Completed initialization of buffer pool
2019-09-20 13:20:09 0 [Note] InnoDB: 128 out of 128 rollback segments are active.
2019-09-20 13:20:09 0 [Note] InnoDB: Creating shared tablespace for temporary tables
2019-09-20 13:20:09 0 [Note] InnoDB: Setting file 'C:\Users\Siavash\Desktop\AFI\Seminar3\UniServerZ\core\mysql\data\ibtmp1' size to 12 MB. Physically writing the file full; Please wait ...
2019-09-20 13:20:09 0 [Note] InnoDB: File 'C:\Users\Siavash\Desktop\AFI\Seminar3\UniServerZ\core\mysql\data\ibtmp1' size is now 12 MB.
2019-09-20 13:20:09 0 [Note] InnoDB: 10.3.17 started; log sequence number 1930817; transaction id 566
2019-09-20 13:20:09 0 [Note] InnoDB: Loading buffer pool(s) from C:\Users\Siavash\Desktop\AFI\Seminar3\UniServerZ\core\mysql\data\ib_buffer_pool
2019-09-20 13:20:09 0 [Note] InnoDB: Buffer pool(s) load completed at 190920 13:20:09
2019-09-20 13:20:09 0 [Note] Plugin 'FEEDBACK' is disabled.
2019-09-20 13:20:09 0 [Note] Server socket created on IP: '127.0.0.1'.
2019-09-20 13:20:09 0 [Note] Reading of all Master_info entries succeeded
2019-09-20 13:20:09 0 [Note] Added new Master_info '' to hash table
2019-09-20 13:20:09 0 [Note] C:\Users\Siavash\Desktop\AFI\Seminar3\UniServerZ\core\mysql\bin\mysqld_z.exe: ready for connections.
Version: '10.3.17-MariaDB'  socket: ''  port: 3306  mariadb.org binary distribution
2019-09-20 13:21:38 0 [Note] C:\Users\Siavash\Desktop\AFI\Seminar3\UniServerZ\core\mysql\bin\mysqld_z.exe (initiated by: root[root] @ localhost [127.0.0.1]): Normal shutdown
2019-09-20 13:21:38 0 [Note] InnoDB: FTS optimize thread exiting.
2019-09-20 13:21:38 0 [Note] Event Scheduler: Purging the queue. 0 events
2019-09-20 13:21:38 0 [Note] InnoDB: Starting shutdown...
2019-09-20 13:21:38 0 [Note] InnoDB: Dumping buffer pool(s) to C:\Users\Siavash\Desktop\AFI\Seminar3\UniServerZ\core\mysql\data\ib_buffer_pool
2019-09-20 13:21:38 0 [Note] InnoDB: Buffer pool(s) dump completed at 190920 13:21:38
2019-09-20 13:21:39 0 [Note] InnoDB: Shutdown completed; log sequence number 1930826; transaction id 567
2019-09-20 13:21:39 0 [Note] InnoDB: Removed temporary tablespace data file: "ibtmp1"
2019-09-20 13:21:39 0 [Note] C:\Users\Siavash\Desktop\AFI\Seminar3\UniServerZ\core\mysql\bin\mysqld_z.exe: Shutdown complete

2019-09-20 13:21:58 0 [Note] InnoDB: Mutexes and rw_locks use Windows interlocked functions
2019-09-20 13:21:58 0 [Note] InnoDB: Uses event mutexes
2019-09-20 13:21:58 0 [Note] InnoDB: Compressed tables use zlib 1.2.11
2019-09-20 13:21:58 0 [Note] InnoDB: Number of pools: 1
2019-09-20 13:21:58 0 [Note] InnoDB: Using SSE2 crc32 instructions
2019-09-20 13:21:58 0 [Note] InnoDB: Initializing buffer pool, total size = 32M, instances = 1, chunk size = 32M
2019-09-20 13:21:58 0 [Note] InnoDB: Completed initialization of buffer pool
2019-09-20 13:21:58 0 [Note] InnoDB: 128 out of 128 rollback segments are active.
2019-09-20 13:21:58 0 [Note] InnoDB: Creating shared tablespace for temporary tables
2019-09-20 13:21:58 0 [Note] InnoDB: Setting file 'C:\Users\Siavash\Desktop\AFI\Seminar3\UniServerZ\core\mysql\data\ibtmp1' size to 12 MB. Physically writing the file full; Please wait ...
2019-09-20 13:21:58 0 [Note] InnoDB: File 'C:\Users\Siavash\Desktop\AFI\Seminar3\UniServerZ\core\mysql\data\ibtmp1' size is now 12 MB.
2019-09-20 13:21:58 0 [Note] InnoDB: 10.3.17 started; log sequence number 1930826; transaction id 566
2019-09-20 13:21:58 0 [Note] InnoDB: Loading buffer pool(s) from C:\Users\Siavash\Desktop\AFI\Seminar3\UniServerZ\core\mysql\data\ib_buffer_pool
2019-09-20 13:21:58 0 [Note] InnoDB: Buffer pool(s) load completed at 190920 13:21:58
2019-09-20 13:21:58 0 [Note] Plugin 'FEEDBACK' is disabled.
2019-09-20 13:21:58 0 [Note] Server socket created on IP: '127.0.0.1'.
2019-09-20 13:21:58 0 [Note] Reading of all Master_info entries succeeded
2019-09-20 13:21:58 0 [Note] Added new Master_info '' to hash table
2019-09-20 13:21:58 0 [Note] C:\Users\Siavash\Desktop\AFI\Seminar3\UniServerZ\core\mysql\bin\mysqld_z.exe: ready for connections.
Version: '10.3.17-MariaDB'  socket: ''  port: 3306  mariadb.org binary distribution
2019-09-20 13:28:01 0 [Note] C:\Users\Siavash\Desktop\AFI\Seminar3\UniServerZ\core\mysql\bin\mysqld_z.exe (initiated by: root[root] @ localhost [127.0.0.1]): Normal shutdown
2019-09-20 13:28:01 0 [Note] Event Scheduler: Purging the queue. 0 events
2019-09-20 13:28:01 0 [Note] InnoDB: FTS optimize thread exiting.
2019-09-20 13:28:01 0 [Note] InnoDB: Starting shutdown...
2019-09-20 13:28:01 0 [Note] InnoDB: Dumping buffer pool(s) to C:\Users\Siavash\Desktop\AFI\Seminar3\UniServerZ\core\mysql\data\ib_buffer_pool
2019-09-20 13:28:01 0 [Note] InnoDB: Buffer pool(s) dump completed at 190920 13:28:01
2019-09-20 13:28:02 0 [Note] InnoDB: Shutdown completed; log sequence number 1930835; transaction id 567
2019-09-20 13:28:02 0 [Note] InnoDB: Removed temporary tablespace data file: "ibtmp1"
2019-09-20 13:28:02 0 [Note] C:\Users\Siavash\Desktop\AFI\Seminar3\UniServerZ\core\mysql\bin\mysqld_z.exe: Shutdown complete

2019-09-20 13:28:05 0 [Note] InnoDB: Mutexes and rw_locks use Windows interlocked functions
2019-09-20 13:28:05 0 [Note] InnoDB: Uses event mutexes
2019-09-20 13:28:05 0 [Note] InnoDB: Compressed tables use zlib 1.2.11
2019-09-20 13:28:05 0 [Note] InnoDB: Number of pools: 1
2019-09-20 13:28:05 0 [Note] InnoDB: Using SSE2 crc32 instructions
2019-09-20 13:28:05 0 [Note] InnoDB: Initializing buffer pool, total size = 32M, instances = 1, chunk size = 32M
2019-09-20 13:28:05 0 [Note] InnoDB: Completed initialization of buffer pool
2019-09-20 13:28:06 0 [Note] InnoDB: 128 out of 128 rollback segments are active.
2019-09-20 13:28:06 0 [Note] InnoDB: Creating shared tablespace for temporary tables
2019-09-20 13:28:06 0 [Note] InnoDB: Setting file 'C:\Users\Siavash\Desktop\AFI\Seminar3\UniServerZ\core\mysql\data\ibtmp1' size to 12 MB. Physically writing the file full; Please wait ...
2019-09-20 13:28:06 0 [Note] InnoDB: File 'C:\Users\Siavash\Desktop\AFI\Seminar3\UniServerZ\core\mysql\data\ibtmp1' size is now 12 MB.
2019-09-20 13:28:06 0 [Note] InnoDB: 10.3.17 started; log sequence number 1930835; transaction id 566
2019-09-20 13:28:06 0 [Note] InnoDB: Loading buffer pool(s) from C:\Users\Siavash\Desktop\AFI\Seminar3\UniServerZ\core\mysql\data\ib_buffer_pool
2019-09-20 13:28:06 0 [Note] InnoDB: Buffer pool(s) load completed at 190920 13:28:06
2019-09-20 13:28:06 0 [Note] Plugin 'FEEDBACK' is disabled.
2019-09-20 13:28:06 0 [Note] Server socket created on IP: '127.0.0.1'.
2019-09-20 13:28:06 0 [Note] Reading of all Master_info entries succeeded
2019-09-20 13:28:06 0 [Note] Added new Master_info '' to hash table
2019-09-20 13:28:06 0 [Note] C:\Users\Siavash\Desktop\AFI\Seminar3\UniServerZ\core\mysql\bin\mysqld_z.exe: ready for connections.
Version: '10.3.17-MariaDB'  socket: ''  port: 3306  mariadb.org binary distribution
